MPASM 5.87  /HOME/JPSB/SYNCED/PROJETOS/PIC/B   9-27-2022  19:56:38         PAGE  1


LOC  OBJECT CODE     LINE SOURCE TEXT
  VALUE

                      00001  #include "p10f200.inc"
                      00001         LIST
                      00002 
                      00003 ;==========================================================================
                      00004 ; Build date : Jan 06 2020
                      00005 ;  MPASM PIC10F200 processor include
                      00006 ; 
                      00007 ;  (c) Copyright 1999-2020 Microchip Technology, All rights reserved
                      00008 ;==========================================================================
                      00009 
                      00152         LIST
                      00002  
                      00003 ; configuration
0FFF   0FEB           00004     __CONFIG _WDT_OFF & _CP_OFF & _MCLRE_OFF
                      00005     ORG 0x000
                      00006 
                      00007 ; use GP2 pin as GPIO and not something else
0000   0CDF           00008     MOVLW ~(1 << T0CS)
0001   0002           00009     OPTION
                      00010     
                      00011 ; set GP1 and GP2 as outputs
0002   0CF9           00012     MOVLW ~((1 << GP2) | (1 << GP1))
0003   0006           00013     TRIS GPIO
                      00014     
                      00015 ; main program
0004                  00016 LOOP
0004   0526           00017     BSF GPIO, GP1
0005   0000           00018     NOP
0006   0446           00019     BCF GPIO, GP2
0007   09??           00020     CALL DELAY
0008   0426           00021     BCF GPIO, GP1
0009   0000           00022     NOP
000A   0546           00023     BSF GPIO, GP2
000B   09??           00024     CALL DELAY
000C   0A??           00025     GOTO LOOP
                      00026 
                      00027 ; subroutine: sleep for ~600 ms
000D                  00028 DELAY
000D   0CFF           00029     MOVLW D'255'
000E   0030           00030     MOVWF 10
000F   0031           00031     MOVWF 11
0010   0C03           00032     MOVLW D'3'
0011   0032           00033     MOVWF 12
0012                  00034 DELAY_LOOP
0012   02F0           00035     DECFSZ 10, F
0013   0A??           00036     GOTO DELAY_LOOP
0014   02F1           00037     DECFSZ 11, F
0015   0A??           00038     GOTO DELAY_LOOP
0016   02F2           00039     DECFSZ 12, F
0017   0A??           00040     GOTO DELAY_LOOP
0018   0800           00041     RETLW 0
                      00042     
Warning[205]: Found directive in column 1. (END)
MPASM 5.87  /HOME/JPSB/SYNCED/PROJETOS/PIC/B   9-27-2022  19:56:38         PAGE  2


LOC  OBJECT CODE     LINE SOURCE TEXT
  VALUE

0FEB                  00043 END
MPASM 5.87  /HOME/JPSB/SYNCED/PROJETOS/PIC/B   9-27-2022  19:56:38         PAGE  3


SYMBOL TABLE
  LABEL                             VALUE 

C                                 00000000
CAL0                              00000001
CAL1                              00000002
CAL2                              00000003
CAL3                              00000004
CAL4                              00000005
CAL5                              00000006
CAL6                              00000007
DC                                00000001
DELAY                             0000000D
DELAY_LOOP                        00000012
F                                 00000001
FOSC4                             00000000
FSR                               00000004
GP0                               00000000
GP1                               00000001
GP2                               00000002
GP3                               00000003
GPIO                              00000006
GPWUF                             00000007
INDF                              00000000
LOOP                              00000004
NOT_GPPU                          00000006
NOT_GPWU                          00000007
NOT_PD                            00000003
NOT_TO                            00000004
OSCCAL                            00000005
PCL                               00000002
PS0                               00000000
PS1                               00000001
PS2                               00000002
PSA                               00000003
STATUS                            00000003
T0CS                              00000005
T0SE                              00000004
TMR0                              00000001
TRISIO0                           00000000
TRISIO1                           00000001
TRISIO2                           00000002
TRISIO3                           00000003
W                                 00000000
Z                                 00000002
_CONFIG                           00000FFF
_CP_OFF                           00000FFF
_CP_ON                            00000FF7
_IDLOC0                           00000100
_IDLOC1                           00000101
_IDLOC2                           00000102
_IDLOC3                           00000103
_IntRC_OSC                        00000FFF
_MCLRE_OFF                        00000FEF
_MCLRE_ON                         00000FFF
_OSC_IntRC                        00000FFF
MPASM 5.87  /HOME/JPSB/SYNCED/PROJETOS/PIC/B   9-27-2022  19:56:38         PAGE  4


SYMBOL TABLE
  LABEL                             VALUE 

_WDTE_OFF                         00000FFB
_WDTE_ON                          00000FFF
_WDT_OFF                          00000FFB
_WDT_ON                           00000FFF
__10F200                          00000001

Errors   :     0
Warnings :     1 reported,     0 suppressed
Messages :     0 reported,     0 suppressed

