MPASM 5.87  /HOME/JPSB/SYNCED/PROJETOS/PIC/P   9-27-2022  19:56:09         PAGE  1


LOC  OBJECT CODE     LINE SOURCE TEXT
  VALUE

                      00001 #include "p10f200.inc"
                      00001         LIST
                      00002 
                      00003 ;==========================================================================
                      00004 ; Build date : Jan 06 2020
                      00005 ;  MPASM PIC10F200 processor include
                      00006 ; 
                      00007 ;  (c) Copyright 1999-2020 Microchip Technology, All rights reserved
                      00008 ;==========================================================================
                      00009 
                      00152         LIST
                      00002  
                      00003 ; registers
Warning[207]: Found label after column 1. (count)
  00000010            00004     count EQU 0x10
Warning[207]: Found label after column 1. (limit)
  00000011            00005     limit EQU 0x11
Warning[207]: Found label after column 1. (delay)
  00000012            00006     delay EQU 0x12
                      00007 
                      00008 ; configuration
0FFF   0FEB           00009     __CONFIG _WDT_OFF & _CP_OFF & _MCLRE_OFF
                      00010     ORG 0x000
                      00011 
                      00012 ; use GP1 as input
0000   0CFD           00013     MOVLW ~(1 << GP1)
0001   0006           00014     TRIS GPIO
                      00015     
                      00016 ; main program
0002                  00017 LOOP
0002   0CFF           00018     MOVLW 0xFF
0003   0031           00019     MOVWF limit
0004                  00020 DIM_LOOP
0004   0CFF           00021     MOVLW 0xFF
0005   0030           00022     MOVWF count
0006   0526           00023     BSF GPIO, GP1
0007                  00024 PULSE_LOOP 
0007   0211           00025     MOVF limit, W
0008   0090           00026     SUBWF count, W
0009   0643           00027     BTFSC STATUS, Z ; if count = limit,
000A   0426           00028     BCF GPIO, GP1   ; clear GP1
000B   09??           00029     CALL DELAY
000C   02F0           00030     DECFSZ count, F
000D   0A??           00031     GOTO PULSE_LOOP ; end PULSE_LOOP
000E   02F1           00032     DECFSZ limit, F
000F   0A??           00033     GOTO DIM_LOOP   ; end DIM_LOOP
0010   0A??           00034     GOTO LOOP       ; end LOOP
                      00035     
                      00036 ; delay of ~5 us
0011                  00037 DELAY
0011   0C10           00038     MOVLW d'16'
0012   0032           00039     MOVWF delay
0013                  00040 DELAY_LOOP
MPASM 5.87  /HOME/JPSB/SYNCED/PROJETOS/PIC/P   9-27-2022  19:56:09         PAGE  2


LOC  OBJECT CODE     LINE SOURCE TEXT
  VALUE

Message[305]: Using default destination of 1 (file).
0013   02F2           00041     DECFSZ delay
0014   0A??           00042     GOTO DELAY_LOOP
0015   0800           00043     RETLW 0
                      00044 
Warning[205]: Found directive in column 1. (END)
0FEB                  00045 END
MPASM 5.87  /HOME/JPSB/SYNCED/PROJETOS/PIC/P   9-27-2022  19:56:09         PAGE  3


SYMBOL TABLE
  LABEL                             VALUE 

C                                 00000000
CAL0                              00000001
CAL1                              00000002
CAL2                              00000003
CAL3                              00000004
CAL4                              00000005
CAL5                              00000006
CAL6                              00000007
DC                                00000001
DELAY                             00000011
DELAY_LOOP                        00000013
DIM_LOOP                          00000004
F                                 00000001
FOSC4                             00000000
FSR                               00000004
GP0                               00000000
GP1                               00000001
GP2                               00000002
GP3                               00000003
GPIO                              00000006
GPWUF                             00000007
INDF                              00000000
LOOP                              00000002
NOT_GPPU                          00000006
NOT_GPWU                          00000007
NOT_PD                            00000003
NOT_TO                            00000004
OSCCAL                            00000005
PCL                               00000002
PS0                               00000000
PS1                               00000001
PS2                               00000002
PSA                               00000003
PULSE_LOOP                        00000007
STATUS                            00000003
T0CS                              00000005
T0SE                              00000004
TMR0                              00000001
TRISIO0                           00000000
TRISIO1                           00000001
TRISIO2                           00000002
TRISIO3                           00000003
W                                 00000000
Z                                 00000002
_CONFIG                           00000FFF
_CP_OFF                           00000FFF
_CP_ON                            00000FF7
_IDLOC0                           00000100
_IDLOC1                           00000101
_IDLOC2                           00000102
_IDLOC3                           00000103
_IntRC_OSC                        00000FFF
_MCLRE_OFF                        00000FEF
MPASM 5.87  /HOME/JPSB/SYNCED/PROJETOS/PIC/P   9-27-2022  19:56:09         PAGE  4


SYMBOL TABLE
  LABEL                             VALUE 

_MCLRE_ON                         00000FFF
_OSC_IntRC                        00000FFF
_WDTE_OFF                         00000FFB
_WDTE_ON                          00000FFF
_WDT_OFF                          00000FFB
_WDT_ON                           00000FFF
__10F200                          00000001
count                             00000010
delay                             00000012
limit                             00000011

Errors   :     0
Warnings :     4 reported,     0 suppressed
Messages :     1 reported,     0 suppressed

