MPASM 5.87  /HOME/JPSB/SYNCED/PROJETOS/PIC/B   9-3-2022  19:00:43         PAGE  1


LOC  OBJECT CODE     LINE SOURCE TEXT
  VALUE

                      00001  #include "p10f200.inc"
                      00001         LIST
                      00002 
                      00003 ;==========================================================================
                      00004 ; Build date : Jan 06 2020
                      00005 ;  MPASM PIC10F200 processor include
                      00006 ; 
                      00007 ;  (c) Copyright 1999-2020 Microchip Technology, All rights reserved
                      00008 ;==========================================================================
                      00009 
                      00152         LIST
                      00002  
                      00003 ; configuration
0FFF   0FEB           00004     __CONFIG _WDT_OFF & _CP_OFF & _MCLRE_OFF
                      00005     ORG 0x000
                      00006 
                      00007 ; use GP2 as input
0000   0CDF           00008     MOVLW ~(1 << T0CS)
0001   0002           00009     OPTION
0002   0CFB           00010     MOVLW ~(1 << GP2)
0003   0006           00011     TRIS GPIO
                      00012     
                      00013 ; main program
0004                  00014 LOOP
0004   0546           00015     BSF GPIO, GP2
0005   09??           00016     CALL DELAY
0006   0446           00017     BCF GPIO, GP2
0007   09??           00018     CALL DELAY
0008   0A??           00019     GOTO LOOP
                      00020 
                      00021 ; subroutine: sleep for ~200 ms
0009                  00022 DELAY
0009   0CFF           00023     MOVLW D'255'
000A   0030           00024     MOVWF 10
000B   0031           00025     MOVWF 11
000C                  00026 DELAY_LOOP
000C   02F0           00027     DECFSZ 10, F
000D   0A??           00028     GOTO DELAY_LOOP
000E   02F1           00029     DECFSZ 11, F
000F   0A??           00030     GOTO DELAY_LOOP
0010   0800           00031     RETLW 0
                      00032     
Warning[205]: Found directive in column 1. (END)
0FEB                  00033 END
MPASM 5.87  /HOME/JPSB/SYNCED/PROJETOS/PIC/B   9-3-2022  19:00:43         PAGE  2


SYMBOL TABLE
  LABEL                             VALUE 

C                                 00000000
CAL0                              00000001
CAL1                              00000002
CAL2                              00000003
CAL3                              00000004
CAL4                              00000005
CAL5                              00000006
CAL6                              00000007
DC                                00000001
DELAY                             00000009
DELAY_LOOP                        0000000C
F                                 00000001
FOSC4                             00000000
FSR                               00000004
GP0                               00000000
GP1                               00000001
GP2                               00000002
GP3                               00000003
GPIO                              00000006
GPWUF                             00000007
INDF                              00000000
LOOP                              00000004
NOT_GPPU                          00000006
NOT_GPWU                          00000007
NOT_PD                            00000003
NOT_TO                            00000004
OSCCAL                            00000005
PCL                               00000002
PS0                               00000000
PS1                               00000001
PS2                               00000002
PSA                               00000003
STATUS                            00000003
T0CS                              00000005
T0SE                              00000004
TMR0                              00000001
TRISIO0                           00000000
TRISIO1                           00000001
TRISIO2                           00000002
TRISIO3                           00000003
W                                 00000000
Z                                 00000002
_CONFIG                           00000FFF
_CP_OFF                           00000FFF
_CP_ON                            00000FF7
_IDLOC0                           00000100
_IDLOC1                           00000101
_IDLOC2                           00000102
_IDLOC3                           00000103
_IntRC_OSC                        00000FFF
_MCLRE_OFF                        00000FEF
_MCLRE_ON                         00000FFF
_OSC_IntRC                        00000FFF
MPASM 5.87  /HOME/JPSB/SYNCED/PROJETOS/PIC/B   9-3-2022  19:00:43         PAGE  3


SYMBOL TABLE
  LABEL                             VALUE 

_WDTE_OFF                         00000FFB
_WDTE_ON                          00000FFF
_WDT_OFF                          00000FFB
_WDT_ON                           00000FFF
__10F200                          00000001

Errors   :     0
Warnings :     1 reported,     0 suppressed
Messages :     0 reported,     0 suppressed

